Compiled jquery.js  (3ms)  (pid 12520)
Compiled jquery_ujs.js  (0ms)  (pid 12520)
Compiled underscore.js  (1ms)  (pid 12520)
Compiled bootstrap-transition.js  (0ms)  (pid 12520)
Compiled bootstrap-affix.js  (0ms)  (pid 12520)
Compiled bootstrap-alert.js  (0ms)  (pid 12520)
Compiled bootstrap-button.js  (1ms)  (pid 12520)
Compiled bootstrap-carousel.js  (1ms)  (pid 12520)
Compiled bootstrap-collapse.js  (0ms)  (pid 12520)
Compiled bootstrap-dropdown.js  (0ms)  (pid 12520)
Compiled bootstrap-modal.js  (0ms)  (pid 12520)
Compiled bootstrap-scrollspy.js  (1ms)  (pid 12520)
Compiled bootstrap-tab.js  (0ms)  (pid 12520)
Compiled bootstrap-tooltip.js  (0ms)  (pid 12520)
Compiled bootstrap-popover.js  (0ms)  (pid 12520)
Compiled bootstrap-typeahead.js  (1ms)  (pid 12520)
Compiled bootstrap.js  (715ms)  (pid 12520)
Compiled backbone.js  (1ms)  (pid 12520)
Compiled backbone_datalink.js  (0ms)  (pid 12520)
Compiled backbone.sync.rails.js  (0ms)  (pid 12520)
Compiled backbone.modelbinder.js  (1ms)  (pid 12520)
Compiled backbone.marionette.js  (1ms)  (pid 12520)
Compiled handlebars.runtime.js  (0ms)  (pid 12520)
Compiled monkeys.js  (763ms)  (pid 12520)
Compiled init.js  (403ms)  (pid 12520)
Compiled backbone/templates/jobs/edit.js  (71ms)  (pid 12520)
Compiled backbone/templates/jobs/index.js  (1ms)  (pid 12520)
Compiled backbone/templates/jobs/job.js  (0ms)  (pid 12520)
Compiled backbone/templates/jobs/new.js  (0ms)  (pid 12520)
Compiled backbone/templates/jobs/show.js  (0ms)  (pid 12520)
Compiled backbone/templates/layouts/main.js  (308ms)  (pid 12520)
Compiled backbone/templates/main/footer.js  (141ms)  (pid 12520)
Compiled backbone/templates/main/header.js  (169ms)  (pid 12520)
Compiled backbone/templates/main/header_category.js  (131ms)  (pid 12520)
Compiled backbone/templates/main/header_login.js  (149ms)  (pid 12520)
Compiled backbone/templates/main/header_sign_out.js  (228ms)  (pid 12520)
Compiled backbone/templates/main/left_panel.js  (186ms)  (pid 12520)
Compiled backbone/templates/main/right_panel.js  (126ms)  (pid 12520)
Compiled backbone/templates/main/sign_in.js  (100ms)  (pid 12520)
Compiled backbone/templates/shared/empty.js  (105ms)  (pid 12520)
Compiled backbone/templates/shared/notifications.js  (131ms)  (pid 12520)
Compiled backbone/templates/shared/pager.js  (2ms)  (pid 12520)
Compiled backbone/templates/shared/search_results.js  (0ms)  (pid 12520)
Compiled backbone/collections/paginated.js  (649ms)  (pid 12520)
Compiled backbone/helpers/form_helpers.js  (257ms)  (pid 12520)
Compiled backbone/helpers/notifications.js  (328ms)  (pid 12520)
Compiled backbone/models/job.js  (531ms)  (pid 12520)
Compiled backbone/models/user.js  (183ms)  (pid 12520)
Compiled backbone/models/user_session.js  (205ms)  (pid 12520)
Compiled backbone/routers/app_router.js  (205ms)  (pid 12520)
Compiled backbone/routers/jobs_router.js  (560ms)  (pid 12520)
Compiled backbone/views/jobs/edit_view.js  (461ms)  (pid 12520)
Compiled backbone/views/jobs/index_view.js  (456ms)  (pid 12520)
Compiled backbone/views/jobs/job_view.js  (568ms)  (pid 12520)
Compiled backbone/views/jobs/new_view.js  (387ms)  (pid 12520)
Compiled backbone/views/jobs/show_view.js  (274ms)  (pid 12520)
Compiled backbone/views/layouts/authenticated.js  (367ms)  (pid 12520)
Compiled backbone/views/layouts/main.js  (945ms)  (pid 12520)
Compiled backbone/views/main/footer.js  (256ms)  (pid 12520)
Compiled backbone/views/main/header.js  (210ms)  (pid 12520)
Compiled backbone/views/main/header_category.js  (218ms)  (pid 12520)
Compiled backbone/views/main/header_login.js  (202ms)  (pid 12520)
Compiled backbone/views/main/header_sign_out.js  (223ms)  (pid 12520)
Compiled backbone/views/main/left_panel.js  (199ms)  (pid 12520)
Compiled backbone/views/main/right_panel.js  (207ms)  (pid 12520)
Compiled backbone/views/main/sign_in.js  (501ms)  (pid 12520)
Compiled backbone/views/shared/empty.js  (203ms)  (pid 12520)
Compiled backbone/views/shared/pager.js  (404ms)  (pid 12520)
Compiled backbone/views/shared/search_results.js  (256ms)  (pid 12520)
Compiled application.js  (17429ms)  (pid 12520)
Compiled bootstrap_custom.css  (3183ms)  (pid 12520)
Compiled jobs.css  (16ms)  (pid 12520)
Compiled application.css  (3261ms)  (pid 12520)
Compiled jquery.js  (3ms)  (pid 13040)
Compiled jquery_ujs.js  (0ms)  (pid 13040)
Compiled underscore.js  (0ms)  (pid 13040)
Compiled bootstrap-transition.js  (1ms)  (pid 13040)
Compiled bootstrap-affix.js  (0ms)  (pid 13040)
Compiled bootstrap-alert.js  (0ms)  (pid 13040)
Compiled bootstrap-button.js  (0ms)  (pid 13040)
Compiled bootstrap-carousel.js  (1ms)  (pid 13040)
Compiled bootstrap-collapse.js  (0ms)  (pid 13040)
Compiled bootstrap-dropdown.js  (1ms)  (pid 13040)
Compiled bootstrap-modal.js  (1ms)  (pid 13040)
Compiled bootstrap-scrollspy.js  (0ms)  (pid 13040)
Compiled bootstrap-tab.js  (0ms)  (pid 13040)
Compiled bootstrap-tooltip.js  (1ms)  (pid 13040)
Compiled bootstrap-popover.js  (0ms)  (pid 13040)
Compiled bootstrap-typeahead.js  (0ms)  (pid 13040)
Compiled bootstrap.js  (462ms)  (pid 13040)
Compiled backbone.js  (0ms)  (pid 13040)
Compiled backbone_datalink.js  (0ms)  (pid 13040)
Compiled backbone.sync.rails.js  (0ms)  (pid 13040)
Compiled backbone.modelbinder.js  (1ms)  (pid 13040)
Compiled backbone.marionette.js  (1ms)  (pid 13040)
Compiled handlebars.runtime.js  (1ms)  (pid 13040)
Compiled monkeys.js  (690ms)  (pid 13040)
Compiled init.js  (311ms)  (pid 13040)
Compiled backbone/templates/jobs/edit.js  (12ms)  (pid 13040)
Compiled backbone/templates/jobs/index.js  (0ms)  (pid 13040)
Compiled backbone/templates/jobs/job.js  (0ms)  (pid 13040)
Compiled backbone/templates/jobs/new.js  (0ms)  (pid 13040)
Compiled backbone/templates/jobs/show.js  (1ms)  (pid 13040)
Compiled backbone/templates/layouts/main.js  (153ms)  (pid 13040)
Compiled backbone/templates/main/footer.js  (95ms)  (pid 13040)
Compiled backbone/templates/main/header.js  (95ms)  (pid 13040)
Compiled backbone/templates/main/header_category.js  (138ms)  (pid 13040)
Compiled backbone/templates/main/header_login.js  (98ms)  (pid 13040)
Compiled backbone/templates/main/header_sign_out.js  (95ms)  (pid 13040)
Compiled backbone/templates/main/left_panel.js  (93ms)  (pid 13040)
Compiled backbone/templates/main/right_panel.js  (104ms)  (pid 13040)
Compiled backbone/templates/main/sign_in.js  (97ms)  (pid 13040)
Compiled backbone/templates/shared/empty.js  (95ms)  (pid 13040)
Compiled backbone/templates/shared/notifications.js  (99ms)  (pid 13040)
Compiled backbone/templates/shared/pager.js  (0ms)  (pid 13040)
Compiled backbone/templates/shared/search_results.js  (0ms)  (pid 13040)
Compiled backbone/collections/paginated.js  (676ms)  (pid 13040)
Compiled backbone/helpers/form_helpers.js  (181ms)  (pid 13040)
Compiled backbone/helpers/notifications.js  (360ms)  (pid 13040)
Compiled backbone/models/job.js  (511ms)  (pid 13040)
Compiled backbone/models/user.js  (205ms)  (pid 13040)
Compiled backbone/models/user_session.js  (198ms)  (pid 13040)
Compiled backbone/views/jobs/edit_view.js  (301ms)  (pid 13040)
Compiled backbone/views/jobs/index_view.js  (478ms)  (pid 13040)
Compiled backbone/views/jobs/job_view.js  (540ms)  (pid 13040)
Compiled backbone/views/jobs/new_view.js  (457ms)  (pid 13040)
Compiled backbone/views/jobs/show_view.js  (257ms)  (pid 13040)
Compiled backbone/views/layouts/authenticated.js  (408ms)  (pid 13040)
Compiled backbone/views/layouts/main.js  (955ms)  (pid 13040)
Compiled backbone/views/main/footer.js  (231ms)  (pid 13040)
Compiled backbone/views/main/header.js  (186ms)  (pid 13040)
Compiled backbone/views/main/header_category.js  (231ms)  (pid 13040)
Compiled backbone/views/main/header_login.js  (206ms)  (pid 13040)
Compiled backbone/views/main/header_sign_out.js  (201ms)  (pid 13040)
Compiled backbone/views/main/left_panel.js  (229ms)  (pid 13040)
Compiled backbone/views/main/right_panel.js  (203ms)  (pid 13040)
Compiled backbone/views/main/sign_in.js  (487ms)  (pid 13040)
Compiled backbone/views/shared/empty.js  (189ms)  (pid 13040)
Compiled backbone/views/shared/pager.js  (390ms)  (pid 13040)
Compiled backbone/views/shared/search_results.js  (218ms)  (pid 13040)
Compiled backbone/routers/app_router.js  (217ms)  (pid 13040)
Compiled backbone/routers/jobs_router.js  (481ms)  (pid 13040)
Compiled application.js  (13958ms)  (pid 13040)
Compiled bootstrap_custom.css  (3023ms)  (pid 13040)
Compiled jobs.css  (14ms)  (pid 13040)
Compiled application.css  (3083ms)  (pid 13040)
Compiled jquery.js  (3ms)  (pid 12400)
Compiled jquery_ujs.js  (1ms)  (pid 12400)
Compiled underscore.js  (2ms)  (pid 12400)
Compiled backbone.js  (1ms)  (pid 12400)
Compiled backbone_datalink.js  (0ms)  (pid 12400)
Compiled backbone.sync.rails.js  (0ms)  (pid 12400)
Compiled backbone.modelbinder.js  (0ms)  (pid 12400)
Compiled backbone.marionette.js  (1ms)  (pid 12400)
Compiled bootstrap-transition.js  (0ms)  (pid 12400)
Compiled bootstrap-affix.js  (0ms)  (pid 12400)
Compiled bootstrap-alert.js  (2ms)  (pid 12400)
Compiled bootstrap-button.js  (0ms)  (pid 12400)
Compiled bootstrap-carousel.js  (1ms)  (pid 12400)
Compiled bootstrap-collapse.js  (0ms)  (pid 12400)
Compiled bootstrap-dropdown.js  (0ms)  (pid 12400)
Compiled bootstrap-modal.js  (1ms)  (pid 12400)
Compiled bootstrap-scrollspy.js  (1ms)  (pid 12400)
Compiled bootstrap-tab.js  (1ms)  (pid 12400)
Compiled bootstrap-tooltip.js  (0ms)  (pid 12400)
Compiled bootstrap-popover.js  (0ms)  (pid 12400)
Compiled bootstrap-typeahead.js  (1ms)  (pid 12400)
Compiled bootstrap.js  (507ms)  (pid 12400)
Compiled handlebars.js  (0ms)  (pid 12400)
Compiled init.js  (1108ms)  (pid 12400)
Compiled backbone/templates/jobs/edit.js  (13ms)  (pid 12400)
Compiled backbone/templates/jobs/index.js  (1ms)  (pid 12400)
Compiled backbone/templates/jobs/job.js  (2ms)  (pid 12400)
Compiled backbone/templates/jobs/new.js  (0ms)  (pid 12400)
Compiled backbone/templates/jobs/show.js  (0ms)  (pid 12400)
Compiled backbone/templates/layouts/main.js  (175ms)  (pid 12400)
Compiled backbone/templates/main/footer.js  (117ms)  (pid 12400)
Compiled backbone/templates/main/header.js  (105ms)  (pid 12400)
Compiled backbone/templates/main/header_category.js  (152ms)  (pid 12400)
Compiled backbone/templates/main/header_login.js  (124ms)  (pid 12400)
Compiled backbone/templates/main/header_sign_out.js  (142ms)  (pid 12400)
Compiled backbone/templates/main/left_panel.js  (138ms)  (pid 12400)
Compiled backbone/templates/main/right_panel.js  (108ms)  (pid 12400)
Compiled backbone/templates/main/sign_in.js  (120ms)  (pid 12400)
Compiled backbone/templates/shared/empty.js  (131ms)  (pid 12400)
Compiled backbone/templates/shared/notifications.js  (127ms)  (pid 12400)
Compiled backbone/templates/shared/pager.js  (1ms)  (pid 12400)
Compiled backbone/templates/shared/search_results.js  (1ms)  (pid 12400)
Compiled backbone/collections/paginated.js  (870ms)  (pid 12400)
Compiled backbone/helpers/form_helpers.js  (276ms)  (pid 12400)
Compiled backbone/helpers/notifications.js  (399ms)  (pid 12400)
Compiled backbone/models/job.js  (552ms)  (pid 12400)
Compiled backbone/models/user.js  (222ms)  (pid 12400)
Compiled backbone/models/user_session.js  (233ms)  (pid 12400)
Compiled backbone/views/jobs/edit_view.js  (383ms)  (pid 12400)
Compiled backbone/views/jobs/index_view.js  (479ms)  (pid 12400)
Compiled backbone/views/jobs/job_view.js  (604ms)  (pid 12400)
Compiled backbone/views/jobs/new_view.js  (410ms)  (pid 12400)
Compiled backbone/views/jobs/show_view.js  (256ms)  (pid 12400)
Compiled backbone/views/layouts/authenticated.js  (359ms)  (pid 12400)
Compiled backbone/views/layouts/main.js  (1167ms)  (pid 12400)
Compiled backbone/views/main/footer.js  (388ms)  (pid 12400)
Compiled backbone/views/main/header.js  (262ms)  (pid 12400)
Compiled backbone/views/main/header_category.js  (598ms)  (pid 12400)
Compiled backbone/views/main/header_login.js  (422ms)  (pid 12400)
Compiled backbone/views/main/header_sign_out.js  (284ms)  (pid 12400)
Compiled backbone/views/main/left_panel.js  (419ms)  (pid 12400)
Compiled backbone/views/main/right_panel.js  (976ms)  (pid 12400)
Compiled backbone/views/main/sign_in.js  (692ms)  (pid 12400)
Compiled backbone/views/shared/empty.js  (253ms)  (pid 12400)
Compiled backbone/views/shared/pager.js  (353ms)  (pid 12400)
Compiled backbone/views/shared/search_results.js  (236ms)  (pid 12400)
Compiled backbone/routers/app_router.js  (245ms)  (pid 12400)
Compiled backbone/routers/jobs_router.js  (452ms)  (pid 12400)
Compiled monkeys.js  (225ms)  (pid 12400)
Compiled application.js  (17892ms)  (pid 12400)
Compiled bootstrap_custom.css  (3206ms)  (pid 12400)
Compiled jobs.css  (15ms)  (pid 12400)
Compiled application.css  (3277ms)  (pid 12400)
Compiled jquery.js  (3ms)  (pid 14244)
Compiled jquery_ujs.js  (1ms)  (pid 14244)
Compiled underscore.js  (1ms)  (pid 14244)
Compiled backbone.js  (0ms)  (pid 14244)
Compiled backbone_datalink.js  (1ms)  (pid 14244)
Compiled backbone.sync.rails.js  (0ms)  (pid 14244)
Compiled backbone.modelbinder.js  (0ms)  (pid 14244)
Compiled backbone.marionette.js  (1ms)  (pid 14244)
Compiled bootstrap-transition.js  (0ms)  (pid 14244)
Compiled bootstrap-affix.js  (0ms)  (pid 14244)
Compiled bootstrap-alert.js  (0ms)  (pid 14244)
Compiled bootstrap-button.js  (0ms)  (pid 14244)
Compiled bootstrap-carousel.js  (0ms)  (pid 14244)
Compiled bootstrap-collapse.js  (0ms)  (pid 14244)
Compiled bootstrap-dropdown.js  (1ms)  (pid 14244)
Compiled bootstrap-modal.js  (0ms)  (pid 14244)
Compiled bootstrap-scrollspy.js  (0ms)  (pid 14244)
Compiled bootstrap-tab.js  (0ms)  (pid 14244)
Compiled bootstrap-tooltip.js  (0ms)  (pid 14244)
Compiled bootstrap-popover.js  (0ms)  (pid 14244)
Compiled bootstrap-typeahead.js  (1ms)  (pid 14244)
Compiled bootstrap.js  (464ms)  (pid 14244)
Compiled handlebars.js  (0ms)  (pid 14244)
Compiled init.js  (764ms)  (pid 14244)
Compiled backbone/templates/jobs/edit.js  (11ms)  (pid 14244)
Compiled backbone/templates/jobs/index.js  (0ms)  (pid 14244)
Compiled backbone/templates/jobs/job.js  (0ms)  (pid 14244)
Compiled backbone/templates/jobs/new.js  (0ms)  (pid 14244)
Compiled backbone/templates/jobs/show.js  (0ms)  (pid 14244)
Compiled backbone/templates/layouts/main.js  (185ms)  (pid 14244)
Compiled backbone/templates/main/footer.js  (93ms)  (pid 14244)
Compiled backbone/templates/main/header.js  (106ms)  (pid 14244)
Compiled backbone/templates/main/header_category.js  (131ms)  (pid 14244)
Compiled backbone/templates/main/header_login.js  (151ms)  (pid 14244)
Compiled backbone/templates/main/header_sign_out.js  (194ms)  (pid 14244)
Compiled backbone/templates/main/left_panel.js  (160ms)  (pid 14244)
Compiled backbone/templates/main/right_panel.js  (192ms)  (pid 14244)
Compiled backbone/templates/main/sign_in.js  (166ms)  (pid 14244)
Compiled backbone/templates/shared/empty.js  (229ms)  (pid 14244)
Compiled backbone/templates/shared/notifications.js  (159ms)  (pid 14244)
Compiled backbone/templates/shared/pager.js  (1ms)  (pid 14244)
Compiled backbone/templates/shared/search_results.js  (1ms)  (pid 14244)
Compiled backbone/collections/paginated.js  (731ms)  (pid 14244)
Compiled backbone/helpers/form_helpers.js  (239ms)  (pid 14244)
Compiled backbone/helpers/notifications.js  (333ms)  (pid 14244)
Compiled backbone/models/job.js  (541ms)  (pid 14244)
Compiled backbone/models/user.js  (216ms)  (pid 14244)
Compiled backbone/models/user_session.js  (252ms)  (pid 14244)
Compiled backbone/views/jobs/edit_view.js  (329ms)  (pid 14244)
Compiled backbone/views/jobs/index_view.js  (455ms)  (pid 14244)
Compiled backbone/views/jobs/job_view.js  (550ms)  (pid 14244)
Compiled backbone/views/jobs/new_view.js  (433ms)  (pid 14244)
Compiled backbone/views/jobs/show_view.js  (265ms)  (pid 14244)
Compiled backbone/views/layouts/authenticated.js  (372ms)  (pid 14244)
Compiled backbone/views/layouts/main.js  (1084ms)  (pid 14244)
Compiled backbone/views/main/footer.js  (190ms)  (pid 14244)
Compiled backbone/views/main/header.js  (330ms)  (pid 14244)
Compiled backbone/views/main/header_category.js  (190ms)  (pid 14244)
Compiled backbone/views/main/header_login.js  (278ms)  (pid 14244)
Compiled backbone/views/main/header_sign_out.js  (195ms)  (pid 14244)
Compiled backbone/views/main/left_panel.js  (200ms)  (pid 14244)
Compiled backbone/views/main/right_panel.js  (220ms)  (pid 14244)
Compiled backbone/views/main/sign_in.js  (463ms)  (pid 14244)
Compiled backbone/views/shared/empty.js  (242ms)  (pid 14244)
Compiled backbone/views/shared/pager.js  (362ms)  (pid 14244)
Compiled backbone/views/shared/search_results.js  (249ms)  (pid 14244)
Compiled backbone/routers/app_router.js  (191ms)  (pid 14244)
Compiled backbone/routers/jobs_router.js  (435ms)  (pid 14244)
Compiled monkeys.js  (232ms)  (pid 14244)
Compiled application.js  (14956ms)  (pid 14244)
Compiled bootstrap_custom.css  (3122ms)  (pid 14244)
Compiled jobs.css  (13ms)  (pid 14244)
Compiled application.css  (3252ms)  (pid 14244)
